This file contains any messages produced by compilers while
running configure, to aid debugging if configure makes a mistake.

It was created by ncdu configure 1.16, which was
generated by GNU Autoconf 2.69.  Invocation command line was

  $ ./configure 

## --------- ##
## Platform. ##
## --------- ##

hostname = debian
uname -m = x86_64
uname -r = 5.10.0-9-amd64
uname -s = Linux
uname -v = #1 SMP Debian 5.10.70-1 (2021-09-30)

/usr/bin/uname -p = unknown
/bin/uname -X     = unknown

/bin/arch              = x86_64
/usr/bin/arch -k       = unknown
/usr/convex/getsysinfo = unknown
/usr/bin/hostinfo      = unknown
/bin/machine           = unknown
/usr/bin/oslevel       = unknown
/bin/universe          = unknown

PATH: /usr/local/bin
PATH: /usr/bin
PATH: /bin
PATH: /usr/local/games
PATH: /usr/games


## ----------- ##
## Core tests. ##
## ----------- ##

configure:2470: checking for a BSD-compatible install
configure:2538: result: /usr/bin/install -c
configure:2549: checking whether build environment is sane
configure:2604: result: yes
configure:2750: checking for a thread-safe mkdir -p
configure:2789: result: /usr/bin/mkdir -p
configure:2796: checking for gawk
configure:2826: result: no
configure:2796: checking for mawk
configure:2812: found /usr/bin/mawk
configure:2823: result: mawk
configure:2834: checking whether make sets $(MAKE)
configure:2856: result: yes
configure:2885: checking whether make supports nested variables
configure:2902: result: yes
configure:3078: checking for gcc
configure:3094: found /usr/bin/gcc
configure:3105: result: gcc
configure:3334: checking for C compiler version
configure:3343: gcc --version >&5
gcc (Debian 10.2.1-6) 10.2.1 20210110
Copyright (C) 2020 Free Software Foundation, Inc.
This is free software; see the source for copying conditions.  There is NO
warranty; not even for MERCHANTABILITY or FITNESS FOR A PARTICULAR PURPOSE.

configure:3354: $? = 0
configure:3343: gcc -v >&5
Using built-in specs.
COLLECT_GCC=gcc
COLLECT_LTO_WRAPPER=/usr/lib/gcc/x86_64-linux-gnu/10/lto-wrapper
OFFLOAD_TARGET_NAMES=nvptx-none:amdgcn-amdhsa:hsa
OFFLOAD_TARGET_DEFAULT=1
Target: x86_64-linux-gnu
Configured with: ../src/configure -v --with-pkgversion='Debian 10.2.1-6' --with-bugurl=file:///usr/share/doc/gcc-10/README.Bugs --enable-languages=c,ada,c++,go,brig,d,fortran,objc,obj-c++,m2 --prefix=/usr --with-gcc-major-version-only --program-suffix=-10 --program-prefix=x86_64-linux-gnu- --enable-shared --enable-linker-build-id --libexecdir=/usr/lib --without-included-gettext --enable-threads=posix --libdir=/usr/lib --enable-nls --enable-bootstrap --enable-clocale=gnu --enable-libstdcxx-debug --enable-libstdcxx-time=yes --with-default-libstdcxx-abi=new --enable-gnu-unique-object --disable-vtable-verify --enable-plugin --enable-default-pie --with-system-zlib --enable-libphobos-checking=release --with-target-system-zlib=auto --enable-objc-gc=auto --enable-multiarch --disable-werror --with-arch-32=i686 --with-abi=m64 --with-multilib-list=m32,m64,mx32 --enable-multilib --with-tune=generic --enable-offload-targets=nvptx-none=/build/gcc-10-Km9U7s/gcc-10-10.2.1/debian/tmp-nvptx/usr,amdgcn-amdhsa=/build/gcc-10-Km9U7s/gcc-10-10.2.1/debian/tmp-gcn/usr,hsa --without-cuda-driver --enable-checking=release --build=x86_64-linux-gnu --host=x86_64-linux-gnu --target=x86_64-linux-gnu --with-build-config=bootstrap-lto-lean --enable-link-mutex
Thread model: posix
Supported LTO compression algorithms: zlib zstd
gcc version 10.2.1 20210110 (Debian 10.2.1-6) 
... rest of stderr output deleted ...
configure:3354: $? = 0
configure:3343: gcc -V >&5
gcc: error: unrecognized command-line option '-V'
gcc: fatal error: no input files
compilation terminated.
configure:3354: $? = 1
configure:3343: gcc -qversion >&5
gcc: error: unrecognized command-line option '-qversion'; did you mean '--version'?
gcc: fatal error: no input files
compilation terminated.
configure:3354: $? = 1
configure:3374: checking whether the C compiler works
configure:3396: gcc    conftest.c  >&5
configure:3400: $? = 0
configure:3448: result: yes
configure:3451: checking for C compiler default output file name
configure:3453: result: a.out
configure:3459: checking for suffix of executables
configure:3466: gcc -o conftest    conftest.c  >&5
configure:3470: $? = 0
configure:3492: result: 
configure:3514: checking whether we are cross compiling
configure:3522: gcc -o conftest    conftest.c  >&5
configure:3526: $? = 0
configure:3533: ./conftest
configure:3537: $? = 0
configure:3552: result: no
configure:3557: checking for suffix of object files
configure:3579: gcc -c   conftest.c >&5
configure:3583: $? = 0
configure:3604: result: o
configure:3608: checking whether we are using the GNU C compiler
configure:3627: gcc -c   conftest.c >&5
configure:3627: $? = 0
configure:3636: result: yes
configure:3645: checking whether gcc accepts -g
configure:3665: gcc -c -g  conftest.c >&5
configure:3665: $? = 0
configure:3706: result: yes
configure:3723: checking for gcc option to accept ISO C89
configure:3786: gcc  -c -g -O2  conftest.c >&5
configure:3786: $? = 0
configure:3799: result: none needed
configure:3824: checking whether gcc understands -c and -o together
configure:3846: gcc -c conftest.c -o conftest2.o
configure:3849: $? = 0
configure:3846: gcc -c conftest.c -o conftest2.o
configure:3849: $? = 0
configure:3861: result: yes
configure:3881: checking whether make supports the include directive
configure:3896: make -f confmf.GNU && cat confinc.out
this is the am__doit target
configure:3899: $? = 0
configure:3918: result: yes (GNU style)
configure:3943: checking dependency style of gcc
configure:4054: result: gcc3
configure:4113: checking for ranlib
configure:4129: found /usr/bin/ranlib
configure:4140: result: ranlib
configure:4216: checking for pkg-config
configure:4234: found /usr/bin/pkg-config
configure:4246: result: /usr/bin/pkg-config
configure:4271: checking pkg-config is at least version 0.9.0
configure:4274: result: yes
configure:4290: checking how to run the C preprocessor
configure:4321: gcc -E  conftest.c
configure:4321: $? = 0
configure:4335: gcc -E  conftest.c
conftest.c:11:10: fatal error: ac_nonexistent.h: No such file or directory
   11 | #include <ac_nonexistent.h>
      |          ^~~~~~~~~~~~~~~~~~
compilation terminated.
configure:4335: $? = 1
configure: failed program was:
| /* confdefs.h */
| #define PACKAGE_NAME "ncdu"
| #define PACKAGE_TARNAME "ncdu"
| #define PACKAGE_VERSION "1.16"
| #define PACKAGE_STRING "ncdu 1.16"
| #define PACKAGE_BUGREPORT "projects@yorhel.nl"
| #define PACKAGE_URL ""
| #define PACKAGE "ncdu"
| #define VERSION "1.16"
| /* end confdefs.h.  */
| #include <ac_nonexistent.h>
configure:4360: result: gcc -E
configure:4380: gcc -E  conftest.c
configure:4380: $? = 0
configure:4394: gcc -E  conftest.c
conftest.c:11:10: fatal error: ac_nonexistent.h: No such file or directory
   11 | #include <ac_nonexistent.h>
      |          ^~~~~~~~~~~~~~~~~~
compilation terminated.
configure:4394: $? = 1
configure: failed program was:
| /* confdefs.h */
| #define PACKAGE_NAME "ncdu"
| #define PACKAGE_TARNAME "ncdu"
| #define PACKAGE_VERSION "1.16"
| #define PACKAGE_STRING "ncdu 1.16"
| #define PACKAGE_BUGREPORT "projects@yorhel.nl"
| #define PACKAGE_URL ""
| #define PACKAGE "ncdu"
| #define VERSION "1.16"
| /* end confdefs.h.  */
| #include <ac_nonexistent.h>
configure:4423: checking for grep that handles long lines and -e
configure:4481: result: /usr/bin/grep
configure:4486: checking for egrep
configure:4548: result: /usr/bin/grep -E
configure:4553: checking for ANSI C header files
configure:4573: gcc -c -g -O2  conftest.c >&5
configure:4573: $? = 0
configure:4646: gcc -o conftest -g -O2   conftest.c  >&5
configure:4646: $? = 0
configure:4646: ./conftest
configure:4646: $? = 0
configure:4657: result: yes
configure:4670: checking for sys/types.h
configure:4670: gcc -c -g -O2  conftest.c >&5
configure:4670: $? = 0
configure:4670: result: yes
configure:4670: checking for sys/stat.h
configure:4670: gcc -c -g -O2  conftest.c >&5
configure:4670: $? = 0
configure:4670: result: yes
configure:4670: checking for stdlib.h
configure:4670: gcc -c -g -O2  conftest.c >&5
configure:4670: $? = 0
configure:4670: result: yes
configure:4670: checking for string.h
configure:4670: gcc -c -g -O2  conftest.c >&5
configure:4670: $? = 0
configure:4670: result: yes
configure:4670: checking for memory.h
configure:4670: gcc -c -g -O2  conftest.c >&5
configure:4670: $? = 0
configure:4670: result: yes
configure:4670: checking for strings.h
configure:4670: gcc -c -g -O2  conftest.c >&5
configure:4670: $? = 0
configure:4670: result: yes
configure:4670: checking for inttypes.h
configure:4670: gcc -c -g -O2  conftest.c >&5
configure:4670: $? = 0
configure:4670: result: yes
configure:4670: checking for stdint.h
configure:4670: gcc -c -g -O2  conftest.c >&5
configure:4670: $? = 0
configure:4670: result: yes
configure:4670: checking for unistd.h
configure:4670: gcc -c -g -O2  conftest.c >&5
configure:4670: $? = 0
configure:4670: result: yes
configure:4685: checking limits.h usability
configure:4685: gcc -c -g -O2  conftest.c >&5
configure:4685: $? = 0
configure:4685: result: yes
configure:4685: checking limits.h presence
configure:4685: gcc -E  conftest.c
configure:4685: $? = 0
configure:4685: result: yes
configure:4685: checking for limits.h
configure:4685: result: yes
configure:4685: checking sys/time.h usability
configure:4685: gcc -c -g -O2  conftest.c >&5
configure:4685: $? = 0
configure:4685: result: yes
configure:4685: checking sys/time.h presence
configure:4685: gcc -E  conftest.c
configure:4685: $? = 0
configure:4685: result: yes
configure:4685: checking for sys/time.h
configure:4685: result: yes
configure:4685: checking for sys/types.h
configure:4685: result: yes
configure:4685: checking for sys/stat.h
configure:4685: result: yes
configure:4685: checking dirent.h usability
configure:4685: gcc -c -g -O2  conftest.c >&5
configure:4685: $? = 0
configure:4685: result: yes
configure:4685: checking dirent.h presence
configure:4685: gcc -E  conftest.c
configure:4685: $? = 0
configure:4685: result: yes
configure:4685: checking for dirent.h
configure:4685: result: yes
configure:4685: checking for unistd.h
configure:4685: result: yes
configure:4685: checking fnmatch.h usability
configure:4685: gcc -c -g -O2  conftest.c >&5
configure:4685: $? = 0
configure:4685: result: yes
configure:4685: checking fnmatch.h presence
configure:4685: gcc -E  conftest.c
configure:4685: $? = 0
configure:4685: result: yes
configure:4685: checking for fnmatch.h
configure:4685: result: yes
configure:4685: checking ncurses.h usability
configure:4685: gcc -c -g -O2  conftest.c >&5
configure:4685: $? = 0
configure:4685: result: yes
configure:4685: checking ncurses.h presence
configure:4685: gcc -E  conftest.c
configure:4685: $? = 0
configure:4685: result: yes
configure:4685: checking for ncurses.h
configure:4685: result: yes
configure:4701: checking locale.h usability
configure:4701: gcc -c -g -O2  conftest.c >&5
configure:4701: $? = 0
configure:4701: result: yes
configure:4701: checking locale.h presence
configure:4701: gcc -E  conftest.c
configure:4701: $? = 0
configure:4701: result: yes
configure:4701: checking for locale.h
configure:4701: result: yes
configure:4701: checking sys/statfs.h usability
configure:4701: gcc -c -g -O2  conftest.c >&5
configure:4701: $? = 0
configure:4701: result: yes
configure:4701: checking sys/statfs.h presence
configure:4701: gcc -E  conftest.c
configure:4701: $? = 0
configure:4701: result: yes
configure:4701: checking for sys/statfs.h
configure:4701: result: yes
configure:4701: checking linux/magic.h usability
configure:4701: gcc -c -g -O2  conftest.c >&5
configure:4701: $? = 0
configure:4701: result: yes
configure:4701: checking linux/magic.h presence
configure:4701: gcc -E  conftest.c
configure:4701: $? = 0
configure:4701: result: yes
configure:4701: checking for linux/magic.h
configure:4701: result: yes
configure:4713: checking for int64_t
configure:4713: gcc -c -g -O2  conftest.c >&5
configure:4713: $? = 0
configure:4713: gcc -c -g -O2  conftest.c >&5
conftest.c: In function 'main':
conftest.c:70:53: warning: integer overflow in expression of type 'long int' results in '-9223372036854775808' [-Woverflow]
   70 |    < (int64_t) (((((int64_t) 1 << N) << N) - 1) * 2 + 2))];
      |                                                     ^
conftest.c:69:12: error: storage size of 'test_array' isn't constant
   69 | static int test_array [1 - 2 * !((int64_t) (((((int64_t) 1 << N) << N) - 1) * 2 + 1)
      |            ^~~~~~~~~~
configure:4713: $? = 1
configure: failed program was:
| /* confdefs.h */
| #define PACKAGE_NAME "ncdu"
| #define PACKAGE_TARNAME "ncdu"
| #define PACKAGE_VERSION "1.16"
| #define PACKAGE_STRING "ncdu 1.16"
| #define PACKAGE_BUGREPORT "projects@yorhel.nl"
| #define PACKAGE_URL ""
| #define PACKAGE "ncdu"
| #define VERSION "1.16"
| #define STDC_HEADERS 1
| #define HAVE_SYS_TYPES_H 1
| #define HAVE_SYS_STAT_H 1
| #define HAVE_STDLIB_H 1
| #define HAVE_STRING_H 1
| #define HAVE_MEMORY_H 1
| #define HAVE_STRINGS_H 1
| #define HAVE_INTTYPES_H 1
| #define HAVE_STDINT_H 1
| #define HAVE_UNISTD_H 1
| #define HAVE_LIMITS_H 1
| #define HAVE_SYS_TIME_H 1
| #define HAVE_SYS_TYPES_H 1
| #define HAVE_SYS_STAT_H 1
| #define HAVE_DIRENT_H 1
| #define HAVE_UNISTD_H 1
| #define HAVE_FNMATCH_H 1
| #define HAVE_NCURSES_H 1
| #define HAVE_LOCALE_H 1
| #define HAVE_SYS_STATFS_H 1
| #define HAVE_LINUX_MAGIC_H 1
| /* end confdefs.h.  */
| #include <stdio.h>
| #ifdef HAVE_SYS_TYPES_H
| # include <sys/types.h>
| #endif
| #ifdef HAVE_SYS_STAT_H
| # include <sys/stat.h>
| #endif
| #ifdef STDC_HEADERS
| # include <stdlib.h>
| # include <stddef.h>
| #else
| # ifdef HAVE_STDLIB_H
| #  include <stdlib.h>
| # endif
| #endif
| #ifdef HAVE_STRING_H
| # if !defined STDC_HEADERS && defined HAVE_MEMORY_H
| #  include <memory.h>
| # endif
| # include <string.h>
| #endif
| #ifdef HAVE_STRINGS_H
| # include <strings.h>
| #endif
| #ifdef HAVE_INTTYPES_H
| # include <inttypes.h>
| #endif
| #ifdef HAVE_STDINT_H
| # include <stdint.h>
| #endif
| #ifdef HAVE_UNISTD_H
| # include <unistd.h>
| #endif
| 	        enum { N = 64 / 2 - 1 };
| int
| main ()
| {
| static int test_array [1 - 2 * !((int64_t) (((((int64_t) 1 << N) << N) - 1) * 2 + 1)
| 		 < (int64_t) (((((int64_t) 1 << N) << N) - 1) * 2 + 2))];
| test_array [0] = 0;
| return test_array [0];
| 
|   ;
|   return 0;
| }
configure:4713: result: yes
configure:4724: checking for uint64_t
configure:4724: gcc -c -g -O2  conftest.c >&5
configure:4724: $? = 0
configure:4724: result: yes
configure:4745: checking for special C compiler options needed for large files
configure:4790: result: no
configure:4796: checking for _FILE_OFFSET_BITS value needed for large files
configure:4821: gcc -c -g -O2  conftest.c >&5
configure:4821: $? = 0
configure:4853: result: no
configure:4938: checking for struct stat.st_blocks
configure:4938: gcc -c -g -O2  conftest.c >&5
configure:4938: $? = 0
configure:4938: result: yes
configure:4963: checking for getcwd
configure:4963: gcc -o conftest -g -O2   conftest.c  >&5
configure:4963: $? = 0
configure:4963: result: yes
configure:4963: checking for gettimeofday
configure:4963: gcc -o conftest -g -O2   conftest.c  >&5
configure:4963: $? = 0
configure:4963: result: yes
configure:4963: checking for fnmatch
configure:4963: gcc -o conftest -g -O2   conftest.c  >&5
configure:4963: $? = 0
configure:4963: result: yes
configure:4963: checking for chdir
configure:4963: gcc -o conftest -g -O2   conftest.c  >&5
configure:4963: $? = 0
configure:4963: result: yes
configure:4963: checking for rmdir
configure:4963: gcc -o conftest -g -O2   conftest.c  >&5
configure:4963: $? = 0
configure:4963: result: yes
configure:4963: checking for unlink
configure:4963: gcc -o conftest -g -O2   conftest.c  >&5
configure:4963: $? = 0
configure:4963: result: yes
configure:4963: checking for lstat
configure:4963: gcc -o conftest -g -O2   conftest.c  >&5
configure:4963: $? = 0
configure:4963: result: yes
configure:4963: checking for system
configure:4963: gcc -o conftest -g -O2   conftest.c  >&5
configure:4963: $? = 0
configure:4963: result: yes
configure:4963: checking for getenv
configure:4963: gcc -o conftest -g -O2   conftest.c  >&5
configure:4963: $? = 0
configure:4963: result: yes
configure:4977: checking for statfs
configure:4977: gcc -o conftest -g -O2   conftest.c  >&5
configure:4977: $? = 0
configure:4977: result: yes
configure:4989: checking sys/attr.h usability
configure:4989: gcc -c -g -O2  conftest.c >&5
conftest.c:77:10: fatal error: sys/attr.h: No such file or directory
   77 | #include <sys/attr.h>
      |          ^~~~~~~~~~~~
compilation terminated.
configure:4989: $? = 1
configure: failed program was:
| /* confdefs.h */
| #define PACKAGE_NAME "ncdu"
| #define PACKAGE_TARNAME "ncdu"
| #define PACKAGE_VERSION "1.16"
| #define PACKAGE_STRING "ncdu 1.16"
| #define PACKAGE_BUGREPORT "projects@yorhel.nl"
| #define PACKAGE_URL ""
| #define PACKAGE "ncdu"
| #define VERSION "1.16"
| #define STDC_HEADERS 1
| #define HAVE_SYS_TYPES_H 1
| #define HAVE_SYS_STAT_H 1
| #define HAVE_STDLIB_H 1
| #define HAVE_STRING_H 1
| #define HAVE_MEMORY_H 1
| #define HAVE_STRINGS_H 1
| #define HAVE_INTTYPES_H 1
| #define HAVE_STDINT_H 1
| #define HAVE_UNISTD_H 1
| #define HAVE_LIMITS_H 1
| #define HAVE_SYS_TIME_H 1
| #define HAVE_SYS_TYPES_H 1
| #define HAVE_SYS_STAT_H 1
| #define HAVE_DIRENT_H 1
| #define HAVE_UNISTD_H 1
| #define HAVE_FNMATCH_H 1
| #define HAVE_NCURSES_H 1
| #define HAVE_LOCALE_H 1
| #define HAVE_SYS_STATFS_H 1
| #define HAVE_LINUX_MAGIC_H 1
| #define HAVE_STRUCT_STAT_ST_BLOCKS 1
| #define HAVE_ST_BLOCKS 1
| #define HAVE_GETCWD 1
| #define HAVE_GETTIMEOFDAY 1
| #define HAVE_FNMATCH 1
| #define HAVE_CHDIR 1
| #define HAVE_RMDIR 1
| #define HAVE_UNLINK 1
| #define HAVE_LSTAT 1
| #define HAVE_SYSTEM 1
| #define HAVE_GETENV 1
| #define HAVE_STATFS 1
| /* end confdefs.h.  */
| #include <stdio.h>
| #ifdef HAVE_SYS_TYPES_H
| # include <sys/types.h>
| #endif
| #ifdef HAVE_SYS_STAT_H
| # include <sys/stat.h>
| #endif
| #ifdef STDC_HEADERS
| # include <stdlib.h>
| # include <stddef.h>
| #else
| # ifdef HAVE_STDLIB_H
| #  include <stdlib.h>
| # endif
| #endif
| #ifdef HAVE_STRING_H
| # if !defined STDC_HEADERS && defined HAVE_MEMORY_H
| #  include <memory.h>
| # endif
| # include <string.h>
| #endif
| #ifdef HAVE_STRINGS_H
| # include <strings.h>
| #endif
| #ifdef HAVE_INTTYPES_H
| # include <inttypes.h>
| #endif
| #ifdef HAVE_STDINT_H
| # include <stdint.h>
| #endif
| #ifdef HAVE_UNISTD_H
| # include <unistd.h>
| #endif
| #include <sys/attr.h>
configure:4989: result: no
configure:4989: checking sys/attr.h presence
configure:4989: gcc -E  conftest.c
conftest.c:44:10: fatal error: sys/attr.h: No such file or directory
   44 | #include <sys/attr.h>
      |          ^~~~~~~~~~~~
compilation terminated.
configure:4989: $? = 1
configure: failed program was:
| /* confdefs.h */
| #define PACKAGE_NAME "ncdu"
| #define PACKAGE_TARNAME "ncdu"
| #define PACKAGE_VERSION "1.16"
| #define PACKAGE_STRING "ncdu 1.16"
| #define PACKAGE_BUGREPORT "projects@yorhel.nl"
| #define PACKAGE_URL ""
| #define PACKAGE "ncdu"
| #define VERSION "1.16"
| #define STDC_HEADERS 1
| #define HAVE_SYS_TYPES_H 1
| #define HAVE_SYS_STAT_H 1
| #define HAVE_STDLIB_H 1
| #define HAVE_STRING_H 1
| #define HAVE_MEMORY_H 1
| #define HAVE_STRINGS_H 1
| #define HAVE_INTTYPES_H 1
| #define HAVE_STDINT_H 1
| #define HAVE_UNISTD_H 1
| #define HAVE_LIMITS_H 1
| #define HAVE_SYS_TIME_H 1
| #define HAVE_SYS_TYPES_H 1
| #define HAVE_SYS_STAT_H 1
| #define HAVE_DIRENT_H 1
| #define HAVE_UNISTD_H 1
| #define HAVE_FNMATCH_H 1
| #define HAVE_NCURSES_H 1
| #define HAVE_LOCALE_H 1
| #define HAVE_SYS_STATFS_H 1
| #define HAVE_LINUX_MAGIC_H 1
| #define HAVE_STRUCT_STAT_ST_BLOCKS 1
| #define HAVE_ST_BLOCKS 1
| #define HAVE_GETCWD 1
| #define HAVE_GETTIMEOFDAY 1
| #define HAVE_FNMATCH 1
| #define HAVE_CHDIR 1
| #define HAVE_RMDIR 1
| #define HAVE_UNLINK 1
| #define HAVE_LSTAT 1
| #define HAVE_SYSTEM 1
| #define HAVE_GETENV 1
| #define HAVE_STATFS 1
| /* end confdefs.h.  */
| #include <sys/attr.h>
configure:4989: result: no
configure:4989: checking for sys/attr.h
configure:4989: result: no
configure:5002: checking for getattrlist
configure:5002: gcc -o conftest -g -O2   conftest.c  >&5
/usr/bin/ld: /tmp/cc6afiXF.o: in function `main':
/home/josh/ncdu-1.16/conftest.c:78: undefined reference to `getattrlist'
collect2: error: ld returned 1 exit status
configure:5002: $? = 1
configure: failed program was:
| /* confdefs.h */
| #define PACKAGE_NAME "ncdu"
| #define PACKAGE_TARNAME "ncdu"
| #define PACKAGE_VERSION "1.16"
| #define PACKAGE_STRING "ncdu 1.16"
| #define PACKAGE_BUGREPORT "projects@yorhel.nl"
| #define PACKAGE_URL ""
| #define PACKAGE "ncdu"
| #define VERSION "1.16"
| #define STDC_HEADERS 1
| #define HAVE_SYS_TYPES_H 1
| #define HAVE_SYS_STAT_H 1
| #define HAVE_STDLIB_H 1
| #define HAVE_STRING_H 1
| #define HAVE_MEMORY_H 1
| #define HAVE_STRINGS_H 1
| #define HAVE_INTTYPES_H 1
| #define HAVE_STDINT_H 1
| #define HAVE_UNISTD_H 1
| #define HAVE_LIMITS_H 1
| #define HAVE_SYS_TIME_H 1
| #define HAVE_SYS_TYPES_H 1
| #define HAVE_SYS_STAT_H 1
| #define HAVE_DIRENT_H 1
| #define HAVE_UNISTD_H 1
| #define HAVE_FNMATCH_H 1
| #define HAVE_NCURSES_H 1
| #define HAVE_LOCALE_H 1
| #define HAVE_SYS_STATFS_H 1
| #define HAVE_LINUX_MAGIC_H 1
| #define HAVE_STRUCT_STAT_ST_BLOCKS 1
| #define HAVE_ST_BLOCKS 1
| #define HAVE_GETCWD 1
| #define HAVE_GETTIMEOFDAY 1
| #define HAVE_FNMATCH 1
| #define HAVE_CHDIR 1
| #define HAVE_RMDIR 1
| #define HAVE_UNLINK 1
| #define HAVE_LSTAT 1
| #define HAVE_SYSTEM 1
| #define HAVE_GETENV 1
| #define HAVE_STATFS 1
| /* end confdefs.h.  */
| /* Define getattrlist to an innocuous variant, in case <limits.h> declares getattrlist.
|    For example, HP-UX 11i <limits.h> declares gettimeofday.  */
| #define getattrlist innocuous_getattrlist
| 
| /* System header to define __stub macros and hopefully few prototypes,
|     which can conflict with char getattrlist (); below.
|     Prefer <limits.h> to <assert.h> if __STDC__ is defined, since
|     <limits.h> exists even on freestanding compilers.  */
| 
| #ifdef __STDC__
| # include <limits.h>
| #else
| # include <assert.h>
| #endif
| 
| #undef getattrlist
| 
| /* Override any GCC internal prototype to avoid an error.
|    Use char because int might match the return type of a GCC
|    builtin and then its argument prototype would still apply.  */
| #ifdef __cplusplus
| extern "C"
| #endif
| char getattrlist ();
| /* The GNU C library defines this for functions which it implements
|     to always fail with ENOSYS.  Some functions are actually named
|     something starting with __ and the normal name is an alias.  */
| #if defined __stub_getattrlist || defined __stub___getattrlist
| choke me
| #endif
| 
| int
| main ()
| {
| return getattrlist ();
|   ;
|   return 0;
| }
configure:5002: result: no
configure:5012: checking whether ATTR_CMNEXT_NOFIRMLINKPATH is declared
configure:5012: gcc -c -g -O2  conftest.c >&5
conftest.c:44:10: fatal error: sys/attr.h: No such file or directory
   44 | #include <sys/attr.h>
      |          ^~~~~~~~~~~~
compilation terminated.
configure:5012: $? = 1
configure: failed program was:
| /* confdefs.h */
| #define PACKAGE_NAME "ncdu"
| #define PACKAGE_TARNAME "ncdu"
| #define PACKAGE_VERSION "1.16"
| #define PACKAGE_STRING "ncdu 1.16"
| #define PACKAGE_BUGREPORT "projects@yorhel.nl"
| #define PACKAGE_URL ""
| #define PACKAGE "ncdu"
| #define VERSION "1.16"
| #define STDC_HEADERS 1
| #define HAVE_SYS_TYPES_H 1
| #define HAVE_SYS_STAT_H 1
| #define HAVE_STDLIB_H 1
| #define HAVE_STRING_H 1
| #define HAVE_MEMORY_H 1
| #define HAVE_STRINGS_H 1
| #define HAVE_INTTYPES_H 1
| #define HAVE_STDINT_H 1
| #define HAVE_UNISTD_H 1
| #define HAVE_LIMITS_H 1
| #define HAVE_SYS_TIME_H 1
| #define HAVE_SYS_TYPES_H 1
| #define HAVE_SYS_STAT_H 1
| #define HAVE_DIRENT_H 1
| #define HAVE_UNISTD_H 1
| #define HAVE_FNMATCH_H 1
| #define HAVE_NCURSES_H 1
| #define HAVE_LOCALE_H 1
| #define HAVE_SYS_STATFS_H 1
| #define HAVE_LINUX_MAGIC_H 1
| #define HAVE_STRUCT_STAT_ST_BLOCKS 1
| #define HAVE_ST_BLOCKS 1
| #define HAVE_GETCWD 1
| #define HAVE_GETTIMEOFDAY 1
| #define HAVE_FNMATCH 1
| #define HAVE_CHDIR 1
| #define HAVE_RMDIR 1
| #define HAVE_UNLINK 1
| #define HAVE_LSTAT 1
| #define HAVE_SYSTEM 1
| #define HAVE_GETENV 1
| #define HAVE_STATFS 1
| /* end confdefs.h.  */
| #include <sys/attr.h>
| 
| int
| main ()
| {
| #ifndef ATTR_CMNEXT_NOFIRMLINKPATH
| #ifdef __cplusplus
|   (void) ATTR_CMNEXT_NOFIRMLINKPATH;
| #else
|   (void) ATTR_CMNEXT_NOFIRMLINKPATH;
| #endif
| #endif
| 
|   ;
|   return 0;
| }
configure:5012: result: no
configure:5042: checking for ncursesw
configure:5049: $PKG_CONFIG --exists --print-errors "ncursesw"
configure:5052: $? = 0
configure:5066: $PKG_CONFIG --exists --print-errors "ncursesw"
configure:5069: $? = 0
configure:5191: result: yes
configure:5363: Using /bin/sh as the default shell if $SHELL is not set
configure:5475: checking that generated files are newer than configure
configure:5481: result: done
configure:5504: creating ./config.status

## ---------------------- ##
## Running config.status. ##
## ---------------------- ##

This file was extended by ncdu config.status 1.16, which was
generated by GNU Autoconf 2.69.  Invocation command line was

  CONFIG_FILES    = 
  CONFIG_HEADERS  = 
  CONFIG_LINKS    = 
  CONFIG_COMMANDS = 
  $ ./config.status 

on debian

config.status:884: creating Makefile
config.status:884: creating config.h
config.status:1113: executing depfiles commands
config.status:1190: cd .       && sed -e '/# am--include-marker/d' Makefile         | make -f - am--depfiles
config.status:1195: $? = 0

## ---------------- ##
## Cache variables. ##
## ---------------- ##

ac_cv_c_compiler_gnu=yes
ac_cv_c_int64_t=yes
ac_cv_c_uint64_t=yes
ac_cv_env_CC_set=
ac_cv_env_CC_value=
ac_cv_env_CFLAGS_set=
ac_cv_env_CFLAGS_value=
ac_cv_env_CPPFLAGS_set=
ac_cv_env_CPPFLAGS_value=
ac_cv_env_CPP_set=
ac_cv_env_CPP_value=
ac_cv_env_LDFLAGS_set=
ac_cv_env_LDFLAGS_value=
ac_cv_env_LIBS_set=
ac_cv_env_LIBS_value=
ac_cv_env_NCURSES_CFLAGS_set=
ac_cv_env_NCURSES_CFLAGS_value=
ac_cv_env_NCURSES_LIBS_set=
ac_cv_env_NCURSES_LIBS_value=
ac_cv_env_PKG_CONFIG_LIBDIR_set=
ac_cv_env_PKG_CONFIG_LIBDIR_value=
ac_cv_env_PKG_CONFIG_PATH_set=
ac_cv_env_PKG_CONFIG_PATH_value=
ac_cv_env_PKG_CONFIG_set=
ac_cv_env_PKG_CONFIG_value=
ac_cv_env_build_alias_set=
ac_cv_env_build_alias_value=
ac_cv_env_host_alias_set=
ac_cv_env_host_alias_value=
ac_cv_env_target_alias_set=
ac_cv_env_target_alias_value=
ac_cv_func_chdir=yes
ac_cv_func_fnmatch=yes
ac_cv_func_getattrlist=no
ac_cv_func_getcwd=yes
ac_cv_func_getenv=yes
ac_cv_func_gettimeofday=yes
ac_cv_func_lstat=yes
ac_cv_func_rmdir=yes
ac_cv_func_statfs=yes
ac_cv_func_system=yes
ac_cv_func_unlink=yes
ac_cv_have_decl_ATTR_CMNEXT_NOFIRMLINKPATH=no
ac_cv_header_dirent_h=yes
ac_cv_header_fnmatch_h=yes
ac_cv_header_inttypes_h=yes
ac_cv_header_limits_h=yes
ac_cv_header_linux_magic_h=yes
ac_cv_header_locale_h=yes
ac_cv_header_memory_h=yes
ac_cv_header_ncurses_h=yes
ac_cv_header_stdc=yes
ac_cv_header_stdint_h=yes
ac_cv_header_stdlib_h=yes
ac_cv_header_string_h=yes
ac_cv_header_strings_h=yes
ac_cv_header_sys_attr_h=no
ac_cv_header_sys_stat_h=yes
ac_cv_header_sys_statfs_h=yes
ac_cv_header_sys_time_h=yes
ac_cv_header_sys_types_h=yes
ac_cv_header_unistd_h=yes
ac_cv_member_struct_stat_st_blocks=yes
ac_cv_objext=o
ac_cv_path_EGREP='/usr/bin/grep -E'
ac_cv_path_GREP=/usr/bin/grep
ac_cv_path_ac_pt_PKG_CONFIG=/usr/bin/pkg-config
ac_cv_path_install='/usr/bin/install -c'
ac_cv_path_mkdir=/usr/bin/mkdir
ac_cv_prog_AWK=mawk
ac_cv_prog_CPP='gcc -E'
ac_cv_prog_ac_ct_CC=gcc
ac_cv_prog_ac_ct_RANLIB=ranlib
ac_cv_prog_cc_c89=
ac_cv_prog_cc_g=yes
ac_cv_prog_make_make_set=yes
ac_cv_sys_file_offset_bits=no
ac_cv_sys_largefile_CC=no
am_cv_CC_dependencies_compiler_type=gcc3
am_cv_make_support_nested_variables=yes
am_cv_prog_cc_c_o=yes
pkg_cv_NCURSES_CFLAGS='-D_DEFAULT_SOURCE -D_XOPEN_SOURCE=600'
pkg_cv_NCURSES_LIBS='-lncursesw -ltinfo'

## ----------------- ##
## Output variables. ##
## ----------------- ##

ACLOCAL='${SHELL} '\''/home/josh/ncdu-1.16/missing'\'' aclocal-1.16'
AMDEPBACKSLASH='\'
AMDEP_FALSE='#'
AMDEP_TRUE=''
AMTAR='$${TAR-tar}'
AM_BACKSLASH='\'
AM_DEFAULT_V='$(AM_DEFAULT_VERBOSITY)'
AM_DEFAULT_VERBOSITY='1'
AM_V='$(V)'
AUTOCONF='${SHELL} '\''/home/josh/ncdu-1.16/missing'\'' autoconf'
AUTOHEADER='${SHELL} '\''/home/josh/ncdu-1.16/missing'\'' autoheader'
AUTOMAKE='${SHELL} '\''/home/josh/ncdu-1.16/missing'\'' automake-1.16'
AWK='mawk'
CC='gcc'
CCDEPMODE='depmode=gcc3'
CFLAGS='-g -O2'
CPP='gcc -E'
CPPFLAGS=''
CYGPATH_W='echo'
DEFS='-DHAVE_CONFIG_H'
DEPDIR='.deps'
ECHO_C=''
ECHO_N='-n'
ECHO_T=''
EGREP='/usr/bin/grep -E'
EXEEXT=''
GREP='/usr/bin/grep'
INSTALL_DATA='${INSTALL} -m 644'
INSTALL_PROGRAM='${INSTALL}'
INSTALL_SCRIPT='${INSTALL}'
INSTALL_STRIP_PROGRAM='$(install_sh) -c -s'
LDFLAGS=''
LIBOBJS=''
LIBS=' -lncursesw -ltinfo'
LTLIBOBJS=''
MAKEINFO='${SHELL} '\''/home/josh/ncdu-1.16/missing'\'' makeinfo'
MKDIR_P='/usr/bin/mkdir -p'
NCURSES_CFLAGS='-D_DEFAULT_SOURCE -D_XOPEN_SOURCE=600'
NCURSES_LIBS='-lncursesw -ltinfo'
OBJEXT='o'
PACKAGE='ncdu'
PACKAGE_BUGREPORT='projects@yorhel.nl'
PACKAGE_NAME='ncdu'
PACKAGE_STRING='ncdu 1.16'
PACKAGE_TARNAME='ncdu'
PACKAGE_URL=''
PACKAGE_VERSION='1.16'
PATH_SEPARATOR=':'
PKG_CONFIG='/usr/bin/pkg-config'
PKG_CONFIG_LIBDIR=''
PKG_CONFIG_PATH=''
RANLIB='ranlib'
SET_MAKE=''
SHELL='/bin/bash'
STRIP=''
VERSION='1.16'
ac_ct_CC='gcc'
am__EXEEXT_FALSE=''
am__EXEEXT_TRUE='#'
am__fastdepCC_FALSE='#'
am__fastdepCC_TRUE=''
am__include='include'
am__isrc=''
am__leading_dot='.'
am__nodep='_no'
am__quote=''
am__tar='$${TAR-tar} chof - "$$tardir"'
am__untar='$${TAR-tar} xf -'
bindir='${exec_prefix}/bin'
build_alias=''
datadir='${datarootdir}'
datarootdir='${prefix}/share'
docdir='${datarootdir}/doc/${PACKAGE_TARNAME}'
dvidir='${docdir}'
exec_prefix='${prefix}'
host_alias=''
htmldir='${docdir}'
includedir='${prefix}/include'
infodir='${datarootdir}/info'
install_sh='${SHELL} /home/josh/ncdu-1.16/install-sh'
libdir='${exec_prefix}/lib'
libexecdir='${exec_prefix}/libexec'
localedir='${datarootdir}/locale'
localstatedir='${prefix}/var'
mandir='${datarootdir}/man'
mkdir_p='$(MKDIR_P)'
oldincludedir='/usr/include'
pdfdir='${docdir}'
prefix='/usr/local'
program_transform_name='s,x,x,'
psdir='${docdir}'
runstatedir='${localstatedir}/run'
sbindir='${exec_prefix}/sbin'
sharedstatedir='${prefix}/com'
sysconfdir='${prefix}/etc'
target_alias=''

## ----------- ##
## confdefs.h. ##
## ----------- ##

/* confdefs.h */
#define PACKAGE_NAME "ncdu"
#define PACKAGE_TARNAME "ncdu"
#define PACKAGE_VERSION "1.16"
#define PACKAGE_STRING "ncdu 1.16"
#define PACKAGE_BUGREPORT "projects@yorhel.nl"
#define PACKAGE_URL ""
#define PACKAGE "ncdu"
#define VERSION "1.16"
#define STDC_HEADERS 1
#define HAVE_SYS_TYPES_H 1
#define HAVE_SYS_STAT_H 1
#define HAVE_STDLIB_H 1
#define HAVE_STRING_H 1
#define HAVE_MEMORY_H 1
#define HAVE_STRINGS_H 1
#define HAVE_INTTYPES_H 1
#define HAVE_STDINT_H 1
#define HAVE_UNISTD_H 1
#define HAVE_LIMITS_H 1
#define HAVE_SYS_TIME_H 1
#define HAVE_SYS_TYPES_H 1
#define HAVE_SYS_STAT_H 1
#define HAVE_DIRENT_H 1
#define HAVE_UNISTD_H 1
#define HAVE_FNMATCH_H 1
#define HAVE_NCURSES_H 1
#define HAVE_LOCALE_H 1
#define HAVE_SYS_STATFS_H 1
#define HAVE_LINUX_MAGIC_H 1
#define HAVE_STRUCT_STAT_ST_BLOCKS 1
#define HAVE_ST_BLOCKS 1
#define HAVE_GETCWD 1
#define HAVE_GETTIMEOFDAY 1
#define HAVE_FNMATCH 1
#define HAVE_CHDIR 1
#define HAVE_RMDIR 1
#define HAVE_UNLINK 1
#define HAVE_LSTAT 1
#define HAVE_SYSTEM 1
#define HAVE_GETENV 1
#define HAVE_STATFS 1
#define HAVE_DECL_ATTR_CMNEXT_NOFIRMLINKPATH 0
#define DEFAULT_SHELL "/bin/sh"

configure: exit 0
